<?xml version="1.0" encoding="UTF-8"?>
<testng-results ignored="0" total="1" passed="1" failed="0" skipped="0">
  <reporter-output>
  </reporter-output>
  <suite started-at="2023-08-01T18:16:52 IST" name="Default suite" finished-at="2023-08-01T18:17:29 IST" duration-ms="37162">
    <groups>
    </groups>
    <test started-at="2023-08-01T18:16:52 IST" name="Default test" finished-at="2023-08-01T18:17:29 IST" duration-ms="37162">
      <class name="tests.RegisterTest">
        <test-method is-config="true" signature="setup()[pri:0, instance:tests.RegisterTest@7fee8714]" started-at="2023-08-01T18:16:52 IST" name="setup" finished-at="2023-08-01T18:17:22 IST" duration-ms="30466" status="PASS">
          <reporter-output>
          </reporter-output>
        </test-method> <!-- setup -->
        <test-method signature="register()[pri:0, instance:tests.RegisterTest@7fee8714]" started-at="2023-08-01T18:17:22 IST" name="register" finished-at="2023-08-01T18:17:28 IST" duration-ms="6035" status="PASS">
          <reporter-output>
          </reporter-output>
        </test-method> <!-- register -->
      </class> <!-- tests.RegisterTest -->
    </test> <!-- Default test -->
  </suite> <!-- Default suite -->
</testng-results>
